2024-01-12 11:57:16,206 [Worker-2: Loading available Gradle versions] INFO  o.e.b.c.i.u.g.PublishedGradleVersions - Gradle version information cache is up-to-date. Trying to read.
2024-01-12 12:00:08,341 [Worker-40: Building] INFO  o.e.m.c.i.l.LifecycleMappingFactory - Using DEFAULT lifecycle mapping for MavenProject: dk.sdu.bdd.xtext:dk.sdu.bdd.xtext:1.0.0-SNAPSHOT @ C:\Users\ansil\eclipse-workspace\project1\DSLBeta1-robot\dk.sdu.bdd.xtext.parent\dk.sdu.bdd.xtext\pom.xml.
2024-01-12 12:00:08,416 [Worker-41: Updating Maven Dependencies] INFO  o.e.m.c.i.l.LifecycleMappingFactory - Using NULL lifecycle mapping for MavenProject: dk.sdu.bdd.xtext:dk.sdu.bdd.xtext.parent:1.0.0-SNAPSHOT @ C:\Users\ansil\eclipse-workspace\project1\DSLBeta1-robot\dk.sdu.bdd.xtext.parent\pom.xml.
2024-01-12 12:00:08,508 [Worker-41: Updating Maven Dependencies] INFO  o.e.m.c.i.l.LifecycleMappingFactory - Using DEFAULT lifecycle mapping for MavenProject: dk.sdu.bdd.xtext:dk.sdu.bdd.xtext:1.0.0-SNAPSHOT @ C:\Users\ansil\eclipse-workspace\project1\DSLBeta1-robot\dk.sdu.bdd.xtext.parent\dk.sdu.bdd.xtext\pom.xml.
2024-01-12 12:00:09,640 [Worker-40: Building] INFO  o.e.m.c.i.embedder.EclipseLogger - Using 'UTF-8' encoding to copy filtered resources.
2024-01-12 12:00:09,640 [Worker-40: Building] INFO  o.e.m.c.i.embedder.EclipseLogger - skip non existing resourceDirectory C:\Users\ansil\eclipse-workspace\project1\DSLBeta1-robot\dk.sdu.bdd.xtext.parent\dk.sdu.bdd.xtext\src\main\resources
2024-01-12 12:00:09,643 [Worker-40: Building] INFO  o.e.m.c.i.embedder.EclipseLogger - Using 'UTF-8' encoding to copy filtered resources.
2024-01-12 12:00:09,644 [Worker-40: Building] INFO  o.e.m.c.i.embedder.EclipseLogger - skip non existing resourceDirectory C:\Users\ansil\eclipse-workspace\project1\DSLBeta1-robot\dk.sdu.bdd.xtext.parent\dk.sdu.bdd.xtext\src\test\resources
2024-01-12 12:00:21,201 [Worker-37: Building] INFO  o.e.m.c.i.embedder.EclipseLogger - Using 'UTF-8' encoding to copy filtered resources.
2024-01-12 12:00:21,202 [Worker-37: Building] INFO  o.e.m.c.i.embedder.EclipseLogger - skip non existing resourceDirectory C:\Users\ansil\eclipse-workspace\project1\DSLBeta1-robot\dk.sdu.bdd.xtext.parent\dk.sdu.bdd.xtext\src\main\resources
2024-01-12 12:00:21,204 [Worker-37: Building] INFO  o.e.m.c.i.embedder.EclipseLogger - Using 'UTF-8' encoding to copy filtered resources.
2024-01-12 12:00:21,204 [Worker-37: Building] INFO  o.e.m.c.i.embedder.EclipseLogger - skip non existing resourceDirectory C:\Users\ansil\eclipse-workspace\project1\DSLBeta1-robot\dk.sdu.bdd.xtext.parent\dk.sdu.bdd.xtext\src\test\resources
2024-01-12 12:00:21,533 [Worker-37: Building] INFO  o.e.m.c.i.l.LifecycleMappingFactory - Using DEFAULT lifecycle mapping for MavenProject: dk.sdu.bdd.xtext:dk.sdu.bdd.xtext.ide:1.0.0-SNAPSHOT @ C:\Users\ansil\eclipse-workspace\project1\DSLBeta1-robot\dk.sdu.bdd.xtext.parent\dk.sdu.bdd.xtext.ide\pom.xml.
2024-01-12 12:00:22,016 [Worker-37: Building] INFO  o.e.m.c.i.embedder.EclipseLogger - Using 'UTF-8' encoding to copy filtered resources.
2024-01-12 12:00:22,016 [Worker-37: Building] INFO  o.e.m.c.i.embedder.EclipseLogger - skip non existing resourceDirectory C:\Users\ansil\eclipse-workspace\project1\DSLBeta1-robot\dk.sdu.bdd.xtext.parent\dk.sdu.bdd.xtext.ide\src\main\resources
2024-01-12 12:00:22,017 [Worker-37: Building] INFO  o.e.m.c.i.embedder.EclipseLogger - Using 'UTF-8' encoding to copy filtered resources.
2024-01-12 12:00:22,017 [Worker-37: Building] INFO  o.e.m.c.i.embedder.EclipseLogger - skip non existing resourceDirectory C:\Users\ansil\eclipse-workspace\project1\DSLBeta1-robot\dk.sdu.bdd.xtext.parent\dk.sdu.bdd.xtext.ide\src\test\resources
2024-01-12 12:00:23,269 [Worker-37: Building] INFO  o.e.m.c.i.embedder.EclipseLogger - Using 'UTF-8' encoding to copy filtered resources.
2024-01-12 12:00:23,270 [Worker-37: Building] INFO  o.e.m.c.i.embedder.EclipseLogger - skip non existing resourceDirectory C:\Users\ansil\eclipse-workspace\project1\DSLBeta1-robot\dk.sdu.bdd.xtext.parent\dk.sdu.bdd.xtext.ide\src\main\resources
2024-01-12 12:00:23,272 [Worker-37: Building] INFO  o.e.m.c.i.embedder.EclipseLogger - Using 'UTF-8' encoding to copy filtered resources.
2024-01-12 12:00:23,273 [Worker-37: Building] INFO  o.e.m.c.i.embedder.EclipseLogger - skip non existing resourceDirectory C:\Users\ansil\eclipse-workspace\project1\DSLBeta1-robot\dk.sdu.bdd.xtext.parent\dk.sdu.bdd.xtext.ide\src\test\resources
2024-01-12 12:00:23,843 [Worker-37: Building] INFO  o.e.m.c.i.l.LifecycleMappingFactory - Using DEFAULT lifecycle mapping for MavenProject: dk.sdu.bdd.xtext:dk.sdu.bdd.xtext.tests:1.0.0-SNAPSHOT @ C:\Users\ansil\eclipse-workspace\project1\DSLBeta1-robot\dk.sdu.bdd.xtext.parent\dk.sdu.bdd.xtext.tests\pom.xml.
2024-01-12 12:00:23,853 [Worker-37: Building] INFO  o.e.m.c.i.embedder.EclipseLogger - Using 'UTF-8' encoding to copy filtered resources.
2024-01-12 12:00:23,853 [Worker-37: Building] INFO  o.e.m.c.i.embedder.EclipseLogger - skip non existing resourceDirectory C:\Users\ansil\eclipse-workspace\project1\DSLBeta1-robot\dk.sdu.bdd.xtext.parent\dk.sdu.bdd.xtext.tests\src\main\resources
2024-01-12 12:00:23,855 [Worker-37: Building] INFO  o.e.m.c.i.embedder.EclipseLogger - Using 'UTF-8' encoding to copy filtered resources.
2024-01-12 12:00:23,855 [Worker-37: Building] INFO  o.e.m.c.i.embedder.EclipseLogger - skip non existing resourceDirectory C:\Users\ansil\eclipse-workspace\project1\DSLBeta1-robot\dk.sdu.bdd.xtext.parent\dk.sdu.bdd.xtext.tests\src\test\resources
2024-01-12 12:00:24,844 [Worker-37: Building] INFO  o.e.m.c.i.embedder.EclipseLogger - Using 'UTF-8' encoding to copy filtered resources.
2024-01-12 12:00:24,844 [Worker-37: Building] INFO  o.e.m.c.i.embedder.EclipseLogger - skip non existing resourceDirectory C:\Users\ansil\eclipse-workspace\project1\DSLBeta1-robot\dk.sdu.bdd.xtext.parent\dk.sdu.bdd.xtext.tests\src\main\resources
2024-01-12 12:00:24,847 [Worker-37: Building] INFO  o.e.m.c.i.embedder.EclipseLogger - Using 'UTF-8' encoding to copy filtered resources.
2024-01-12 12:00:24,847 [Worker-37: Building] INFO  o.e.m.c.i.embedder.EclipseLogger - skip non existing resourceDirectory C:\Users\ansil\eclipse-workspace\project1\DSLBeta1-robot\dk.sdu.bdd.xtext.parent\dk.sdu.bdd.xtext.tests\src\test\resources
2024-01-12 12:00:25,008 [Worker-37: Building] INFO  o.e.m.c.i.l.LifecycleMappingFactory - Using DEFAULT lifecycle mapping for MavenProject: dk.sdu.bdd.xtext:dk.sdu.bdd.xtext.ui:1.0.0-SNAPSHOT @ C:\Users\ansil\eclipse-workspace\project1\DSLBeta1-robot\dk.sdu.bdd.xtext.parent\dk.sdu.bdd.xtext.ui\pom.xml.
2024-01-12 12:00:25,019 [Worker-37: Building] INFO  o.e.m.c.i.embedder.EclipseLogger - Using 'UTF-8' encoding to copy filtered resources.
2024-01-12 12:00:25,019 [Worker-37: Building] INFO  o.e.m.c.i.embedder.EclipseLogger - skip non existing resourceDirectory C:\Users\ansil\eclipse-workspace\project1\DSLBeta1-robot\dk.sdu.bdd.xtext.parent\dk.sdu.bdd.xtext.ui\src\main\resources
2024-01-12 12:00:25,022 [Worker-37: Building] INFO  o.e.m.c.i.embedder.EclipseLogger - Using 'UTF-8' encoding to copy filtered resources.
2024-01-12 12:00:25,022 [Worker-37: Building] INFO  o.e.m.c.i.embedder.EclipseLogger - skip non existing resourceDirectory C:\Users\ansil\eclipse-workspace\project1\DSLBeta1-robot\dk.sdu.bdd.xtext.parent\dk.sdu.bdd.xtext.ui\src\test\resources
2024-01-12 12:00:28,069 [Worker-37: Building] INFO  o.e.m.c.i.embedder.EclipseLogger - Using 'UTF-8' encoding to copy filtered resources.
2024-01-12 12:00:28,069 [Worker-37: Building] INFO  o.e.m.c.i.embedder.EclipseLogger - skip non existing resourceDirectory C:\Users\ansil\eclipse-workspace\project1\DSLBeta1-robot\dk.sdu.bdd.xtext.parent\dk.sdu.bdd.xtext.ui\src\main\resources
2024-01-12 12:00:28,073 [Worker-37: Building] INFO  o.e.m.c.i.embedder.EclipseLogger - Using 'UTF-8' encoding to copy filtered resources.
2024-01-12 12:00:28,073 [Worker-37: Building] INFO  o.e.m.c.i.embedder.EclipseLogger - skip non existing resourceDirectory C:\Users\ansil\eclipse-workspace\project1\DSLBeta1-robot\dk.sdu.bdd.xtext.parent\dk.sdu.bdd.xtext.ui\src\test\resources
2024-01-12 12:00:28,200 [Worker-37: Building] INFO  o.e.m.c.i.l.LifecycleMappingFactory - Using DEFAULT lifecycle mapping for MavenProject: dk.sdu.bdd.xtext:dk.sdu.bdd.xtext.ui.tests:1.0.0-SNAPSHOT @ C:\Users\ansil\eclipse-workspace\project1\DSLBeta1-robot\dk.sdu.bdd.xtext.parent\dk.sdu.bdd.xtext.ui.tests\pom.xml.
2024-01-12 12:00:28,211 [Worker-37: Building] INFO  o.e.m.c.i.embedder.EclipseLogger - Using 'UTF-8' encoding to copy filtered resources.
2024-01-12 12:00:28,211 [Worker-37: Building] INFO  o.e.m.c.i.embedder.EclipseLogger - skip non existing resourceDirectory C:\Users\ansil\eclipse-workspace\project1\DSLBeta1-robot\dk.sdu.bdd.xtext.parent\dk.sdu.bdd.xtext.ui.tests\src\main\resources
2024-01-12 12:00:28,214 [Worker-37: Building] INFO  o.e.m.c.i.embedder.EclipseLogger - Using 'UTF-8' encoding to copy filtered resources.
2024-01-12 12:00:28,214 [Worker-37: Building] INFO  o.e.m.c.i.embedder.EclipseLogger - skip non existing resourceDirectory C:\Users\ansil\eclipse-workspace\project1\DSLBeta1-robot\dk.sdu.bdd.xtext.parent\dk.sdu.bdd.xtext.ui.tests\src\test\resources
2024-01-12 12:00:29,688 [Worker-37: Building] INFO  o.e.m.c.i.l.LifecycleMappingFactory - Using org.eclipse.m2e.jdt.JarLifecycleMapping lifecycle mapping for MavenProject: dk.sdu.bdd.xtext:dk.sdu.bdd.xtext.web:1.0.0-SNAPSHOT @ C:\Users\ansil\eclipse-workspace\project1\DSLBeta1-robot\dk.sdu.bdd.xtext.parent\dk.sdu.bdd.xtext.web\pom.xml.
2024-01-12 12:00:30,490 [Worker-37: Building] INFO  o.e.m.c.i.p.WorkspaceClassifierResolverManager - Resolving P/dk.sdu.bdd.text: dk.sdu.bdd.xtext:dk.sdu.bdd.xtext:1.0.0-SNAPSHOT with classifier  to /dk.sdu.bdd.text/target/classes
2024-01-12 12:00:30,490 [Worker-37: Building] INFO  o.e.m.c.i.p.WorkspaceClassifierResolverManager - Resolving P/dk.sdu.bdd.text.ide: dk.sdu.bdd.xtext:dk.sdu.bdd.xtext.ide:1.0.0-SNAPSHOT with classifier  to /dk.sdu.bdd.text.ide/target/classes
2024-01-12 12:00:32,192 [Worker-37: Building] INFO  o.a.m.s.f.DefaultMavenResourcesFiltering - Copying 0 resource from src to target\classes
2024-01-12 12:00:32,196 [Worker-37: Building] INFO  o.a.m.s.f.DefaultMavenResourcesFiltering - skip non existing resourceDirectory C:\Users\ansil\eclipse-workspace\project1\DSLBeta1-robot\dk.sdu.bdd.xtext.parent\dk.sdu.bdd.xtext.web\src\test\resources
2024-01-12 12:00:35,231 [Worker-45: Building] INFO  o.a.m.s.f.DefaultMavenResourcesFiltering - Copying 0 resource from src to target\classes
2024-01-12 12:00:35,238 [Worker-45: Building] INFO  o.a.m.s.f.DefaultMavenResourcesFiltering - skip non existing resourceDirectory C:\Users\ansil\eclipse-workspace\project1\DSLBeta1-robot\dk.sdu.bdd.xtext.parent\dk.sdu.bdd.xtext.web\src\test\resources
2024-01-12 17:05:12,098 [Worker-6: Loading available Gradle versions] INFO  o.e.b.c.i.u.g.PublishedGradleVersions - Gradle version information cache is out-of-date. Trying to update.
